<?xml version="1.0" encoding="UTF-8"?>
<!-- Generated by org.testng.reporters.JUnitReportReporter -->
<testsuite hostname="DESKTOP-B7HAL10" name="denti.MockTest" tests="1" failures="0" timestamp="18 May 2016 08:28:18 GMT" time="0.205" errors="0">
  <testcase name="Test" time="0.205" classname="denti.MockTest"/>
</testsuite> <!-- denti.MockTest -->
